TN:
SF:app\aliment\aliment.controller.js
FN:4,sendError
FN:13,(anonymous_1)
FN:23,(anonymous_2)
FN:33,(anonymous_3)
FN:43,(anonymous_4)
FN:53,(anonymous_5)
FN:66,(anonymous_6)
FN:72,(anonymous_7)
FN:83,(anonymous_8)
FN:94,(anonymous_9)
FN:103,(anonymous_10)
FNF:11
FNH:11
FNDA:8,sendError
FNDA:6,(anonymous_1)
FNDA:1,(anonymous_2)
FNDA:2,(anonymous_3)
FNDA:3,(anonymous_4)
FNDA:3,(anonymous_5)
FNDA:3,(anonymous_6)
FNDA:1,(anonymous_7)
FNDA:2,(anonymous_8)
FNDA:1,(anonymous_9)
FNDA:2,(anonymous_10)
DA:2,5
DA:5,8
DA:6,8
DA:7,8
DA:8,8
DA:14,6
DA:15,6
DA:16,4
DA:18,2
DA:24,1
DA:25,1
DA:26,1
DA:28,0
DA:34,2
DA:35,2
DA:36,1
DA:38,1
DA:44,3
DA:45,3
DA:46,1
DA:48,2
DA:54,3
DA:56,3
DA:58,3
DA:59,1
DA:61,2
DA:67,3
DA:73,1
DA:74,1
DA:75,1
DA:77,0
DA:84,2
DA:85,2
DA:86,2
DA:87,2
DA:88,1
DA:90,1
DA:95,1
DA:96,1
DA:97,1
DA:99,0
DA:104,2
DA:105,2
DA:106,2
DA:107,2
DA:109,0
DA:114,5
LF:47
LH:43
BRDA:5,0,0,8
BRDA:5,0,1,0
BRDA:6,1,0,8
BRDA:6,1,1,0
BRDA:7,2,0,1
BRDA:7,2,1,7
BRDA:56,3,0,3
BRDA:56,3,1,1
BRF:8
BRH:6
end_of_record
TN:
SF:app\aliment\aliment.model.js
FNF:0
FNH:0
DA:1,5
DA:3,5
DA:26,5
DA:28,5
DA:29,5
LF:5
LH:5
BRF:0
BRH:0
end_of_record
TN:
SF:app\aliment\aliment.repo.js
FN:7,create
FN:11,findAll
FN:15,findById
FN:19,findByName
FN:24,findByNameCI
FN:29,updateById
FN:33,deleteById
FN:39,countUsageInRecettes
FN:43,listRecettesForAliment
FN:52,addAllergie
FN:56,listAllergies
FN:63,removeAllergie
FN:84,escapeRegex
FNF:13
FNH:12
FNDA:4,create
FNDA:1,findAll
FNDA:6,findById
FNDA:0,findByName
FNDA:8,findByNameCI
FNDA:2,updateById
FNDA:2,deleteById
FNDA:1,countUsageInRecettes
FNDA:1,listRecettesForAliment
FNDA:2,addAllergie
FNDA:1,listAllergies
FNDA:2,removeAllergie
FNDA:8,escapeRegex
DA:2,5
DA:3,5
DA:4,5
DA:8,4
DA:12,1
DA:16,6
DA:20,0
DA:25,8
DA:26,8
DA:30,2
DA:34,2
DA:40,1
DA:44,1
DA:53,2
DA:57,1
DA:64,2
DA:69,5
DA:85,8
LF:18
LH:17
BRF:0
BRH:0
end_of_record
TN:
SF:app\aliment\aliment.routes.js
FN:6,(anonymous_0)
FN:7,(anonymous_1)
FN:8,(anonymous_2)
FN:9,(anonymous_3)
FN:10,(anonymous_4)
FN:13,(anonymous_5)
FN:16,(anonymous_6)
FN:17,(anonymous_7)
FN:18,(anonymous_8)
FNF:9
FNH:9
FNDA:6,(anonymous_0)
FNDA:1,(anonymous_1)
FNDA:2,(anonymous_2)
FNDA:3,(anonymous_3)
FNDA:3,(anonymous_4)
FNDA:1,(anonymous_5)
FNDA:2,(anonymous_6)
FNDA:1,(anonymous_7)
FNDA:2,(anonymous_8)
DA:1,5
DA:2,5
DA:4,5
DA:6,6
DA:7,5
DA:8,5
DA:9,5
DA:10,5
DA:13,5
DA:16,5
DA:17,5
DA:18,5
DA:20,5
LF:13
LH:13
BRF:0
BRH:0
end_of_record
TN:
SF:app\aliment\aliment.service.js
FN:5,httpError
FN:12,create
FN:28,list
FN:32,get
FN:45,update
FN:69,remove
FN:90,listRecettes
FN:94,(anonymous_7)
FN:97,addAllergie
FN:107,listAllergies
FN:110,(anonymous_10)
FN:113,removeAllergie
FNF:12
FNH:10
FNDA:8,httpError
FNDA:6,create
FNDA:1,list
FNDA:6,get
FNDA:3,update
FNDA:3,remove
FNDA:1,listRecettes
FNDA:0,(anonymous_7)
FNDA:2,addAllergie
FNDA:1,listAllergies
FNDA:0,(anonymous_10)
FNDA:2,removeAllergie
DA:2,5
DA:6,8
DA:7,8
DA:8,8
DA:9,8
DA:13,6
DA:14,6
DA:17,5
DA:18,5
DA:20,4
DA:25,4
DA:29,1
DA:34,6
DA:35,6
DA:38,1
DA:39,1
DA:42,5
DA:46,3
DA:47,3
DA:48,3
DA:49,1
DA:51,2
DA:54,2
DA:55,2
DA:60,1
DA:61,1
DA:63,1
DA:64,1
DA:65,0
DA:71,3
DA:72,1
DA:73,1
DA:77,2
DA:78,2
DA:81,1
DA:82,1
DA:85,1
DA:92,1
DA:93,1
DA:94,1
DA:98,2
DA:99,2
DA:100,2
DA:102,1
DA:103,0
DA:108,1
DA:109,1
DA:110,1
DA:115,2
DA:116,2
DA:119,0
DA:120,0
DA:122,0
DA:124,2
DA:127,5
LF:55
LH:50
BRDA:5,0,0,0
BRDA:8,1,0,1
BRDA:8,1,1,7
BRDA:14,2,0,1
BRDA:14,2,1,5
BRDA:18,3,0,1
BRDA:18,3,1,4
BRDA:22,4,0,4
BRDA:22,4,1,4
BRDA:23,5,0,4
BRDA:23,5,1,4
BRDA:25,6,0,4
BRDA:25,6,1,0
BRDA:38,7,0,1
BRDA:38,7,1,0
BRDA:45,8,0,0
BRDA:46,9,0,3
BRDA:46,9,1,0
BRDA:48,10,0,1
BRDA:48,10,1,2
BRDA:48,11,0,3
BRDA:48,11,1,1
BRDA:56,12,0,2
BRDA:56,12,1,2
BRDA:57,13,0,2
BRDA:57,13,1,0
BRDA:58,14,0,2
BRDA:58,14,1,0
BRDA:58,15,0,0
BRDA:58,15,1,0
BRDA:60,16,0,0
BRDA:60,16,1,1
BRDA:63,17,0,0
BRDA:63,17,1,1
BRDA:64,18,0,1
BRDA:64,18,1,0
BRDA:69,19,0,0
BRDA:69,20,0,0
BRDA:71,21,0,1
BRDA:71,21,1,2
BRDA:73,22,0,1
BRDA:73,22,1,0
BRDA:81,23,0,1
BRDA:81,23,1,0
BRDA:102,24,0,1
BRDA:102,24,1,0
BRDA:119,25,0,0
BRDA:119,25,1,0
BRF:48
BRH:29
end_of_record
TN:
SF:app\allergy\allergy.controller.js
FN:4,sendError
FN:13,(anonymous_1)
FN:23,(anonymous_2)
FN:33,(anonymous_3)
FN:43,(anonymous_4)
FN:53,(anonymous_5)
FN:66,(anonymous_6)
FNF:7
FNH:7
FNDA:6,sendError
FNDA:5,(anonymous_1)
FNDA:1,(anonymous_2)
FNDA:2,(anonymous_3)
FNDA:3,(anonymous_4)
FNDA:2,(anonymous_5)
FNDA:2,(anonymous_6)
DA:2,5
DA:5,6
DA:6,6
DA:7,6
DA:8,6
DA:14,5
DA:15,5
DA:16,3
DA:18,2
DA:24,1
DA:25,1
DA:26,1
DA:28,0
DA:34,2
DA:35,2
DA:36,1
DA:38,1
DA:44,3
DA:45,3
DA:46,1
DA:48,2
DA:54,2
DA:56,2
DA:58,2
DA:59,1
DA:61,1
DA:67,2
DA:71,5
LF:28
LH:27
BRDA:5,0,0,6
BRDA:5,0,1,0
BRDA:6,1,0,6
BRDA:6,1,1,0
BRDA:7,2,0,2
BRDA:7,2,1,4
BRDA:56,3,0,2
BRDA:56,3,1,2
BRF:8
BRH:6
end_of_record
TN:
SF:app\allergy\allergy.model.js
FNF:0
FNH:0
DA:1,5
DA:3,5
DA:8,5
DA:10,5
DA:11,5
LF:5
LH:5
BRF:0
BRH:0
end_of_record
TN:
SF:app\allergy\allergy.repo.js
FN:3,create
FN:7,findAll
FN:11,findById
FN:15,findByName
FNF:4
FNH:0
FNDA:0,create
FNDA:0,findAll
FNDA:0,findById
FNDA:0,findByName
DA:1,0
DA:4,0
DA:8,0
DA:12,0
DA:16,0
DA:19,0
LF:6
LH:0
BRF:0
BRH:0
end_of_record
TN:
SF:app\allergy\allergy.routes.js
FN:6,(anonymous_0)
FN:7,(anonymous_1)
FN:8,(anonymous_2)
FN:9,(anonymous_3)
FN:10,(anonymous_4)
FNF:5
FNH:5
FNDA:5,(anonymous_0)
FNDA:1,(anonymous_1)
FNDA:2,(anonymous_2)
FNDA:3,(anonymous_3)
FNDA:2,(anonymous_4)
DA:1,5
DA:2,5
DA:4,5
DA:6,5
DA:7,5
DA:8,5
DA:9,5
DA:10,5
DA:12,5
LF:9
LH:9
BRF:0
BRH:0
end_of_record
TN:
SF:app\allergy\allergy.services.js
FN:5,httpError
FN:12,escapeRegex
FN:16,create
FN:31,list
FN:35,get
FN:45,update
FN:72,remove
FNF:7
FNH:7
FNDA:6,httpError
FNDA:6,escapeRegex
FNDA:5,create
FNDA:1,list
FNDA:2,get
FNDA:3,update
FNDA:2,remove
DA:2,5
DA:6,6
DA:7,6
DA:8,6
DA:9,6
DA:13,6
DA:17,5
DA:18,5
DA:19,5
DA:22,4
DA:25,4
DA:27,3
DA:28,3
DA:32,1
DA:37,2
DA:38,2
DA:40,1
DA:42,1
DA:46,3
DA:48,3
DA:49,3
DA:50,3
DA:52,2
DA:56,2
DA:57,1
DA:59,1
DA:63,1
DA:67,1
DA:68,1
DA:79,2
DA:80,2
DA:81,1
DA:84,5
LF:33
LH:33
BRDA:5,0,0,0
BRDA:8,1,0,2
BRDA:8,1,1,4
BRDA:16,2,0,0
BRDA:17,3,0,5
BRDA:17,3,1,1
BRDA:19,4,0,1
BRDA:19,4,1,4
BRDA:25,5,0,1
BRDA:25,5,1,3
BRDA:28,6,0,3
BRDA:28,6,1,0
BRDA:45,7,0,0
BRDA:48,8,0,3
BRDA:48,8,1,0
BRDA:49,9,0,3
BRDA:49,9,1,0
BRDA:50,10,0,1
BRDA:50,10,1,2
BRDA:56,11,0,1
BRDA:56,11,1,1
BRDA:56,12,0,2
BRDA:56,12,1,1
BRDA:67,13,0,0
BRDA:67,13,1,1
BRDA:72,14,0,0
BRDA:72,15,0,0
BRDA:80,16,0,1
BRDA:80,16,1,1
BRF:29
BRH:20
end_of_record
TN:
SF:app\recipe\recipe.controller.js
FN:4,sendError
FN:13,(anonymous_1)
FN:23,(anonymous_2)
FN:33,(anonymous_3)
FN:43,(anonymous_4)
FN:53,(anonymous_5)
FN:66,(anonymous_6)
FN:71,(anonymous_7)
FN:83,(anonymous_8)
FN:94,(anonymous_9)
FNF:10
FNH:8
FNDA:1,sendError
FNDA:2,(anonymous_1)
FNDA:1,(anonymous_2)
FNDA:2,(anonymous_3)
FNDA:1,(anonymous_4)
FNDA:1,(anonymous_5)
FNDA:1,(anonymous_6)
FNDA:1,(anonymous_7)
FNDA:0,(anonymous_8)
FNDA:0,(anonymous_9)
DA:2,5
DA:5,1
DA:6,1
DA:7,1
DA:8,1
DA:14,2
DA:15,2
DA:16,2
DA:18,0
DA:24,1
DA:25,1
DA:26,1
DA:28,0
DA:34,2
DA:35,2
DA:36,1
DA:38,1
DA:44,1
DA:45,1
DA:46,1
DA:48,0
DA:54,1
DA:56,1
DA:58,1
DA:59,1
DA:61,0
DA:67,1
DA:72,1
DA:73,1
DA:74,1
DA:75,1
DA:76,1
DA:78,0
DA:84,0
DA:85,0
DA:86,0
DA:87,0
DA:89,0
DA:95,0
DA:96,0
DA:97,0
DA:98,0
DA:99,0
DA:101,0
DA:106,5
LF:45
LH:29
BRDA:5,0,0,1
BRDA:5,0,1,0
BRDA:6,1,0,1
BRDA:6,1,1,0
BRDA:7,2,0,0
BRDA:7,2,1,1
BRDA:56,3,0,1
BRDA:56,3,1,0
BRF:8
BRH:4
end_of_record
TN:
SF:app\recipe\recipe.model.js
FNF:0
FNH:0
DA:1,5
DA:3,5
DA:23,5
DA:24,5
LF:4
LH:4
BRF:0
BRH:0
end_of_record
TN:
SF:app\recipe\recipe.repo.js
FN:3,create
FN:7,findAll
FN:11,findById
FN:15,findByName
FNF:4
FNH:0
FNDA:0,create
FNDA:0,findAll
FNDA:0,findById
FNDA:0,findByName
DA:1,0
DA:4,0
DA:8,0
DA:12,0
DA:16,0
DA:19,0
LF:6
LH:0
BRF:0
BRH:0
end_of_record
TN:
SF:app\recipe\recipe.routes.js
FN:6,(anonymous_0)
FN:7,(anonymous_1)
FN:8,(anonymous_2)
FN:9,(anonymous_3)
FN:10,(anonymous_4)
FN:13,(anonymous_5)
FN:14,(anonymous_6)
FN:15,(anonymous_7)
FNF:8
FNH:6
FNDA:2,(anonymous_0)
FNDA:1,(anonymous_1)
FNDA:2,(anonymous_2)
FNDA:1,(anonymous_3)
FNDA:1,(anonymous_4)
FNDA:1,(anonymous_5)
FNDA:0,(anonymous_6)
FNDA:0,(anonymous_7)
DA:1,5
DA:2,5
DA:4,5
DA:6,5
DA:7,5
DA:8,5
DA:9,5
DA:10,5
DA:13,5
DA:14,5
DA:15,5
DA:17,5
LF:12
LH:12
BRF:0
BRH:0
end_of_record
TN:
SF:app\recipe\recipe.services.js
FN:6,httpError
FN:15,create
FN:27,list
FN:31,get
FN:42,update
FN:65,remove
FN:80,addFood
FN:100,getFoods
FN:106,(anonymous_8)
FN:109,removeFood
FNF:10
FNH:7
FNDA:1,httpError
FNDA:2,create
FNDA:1,list
FNDA:2,get
FNDA:1,update
FNDA:1,remove
FNDA:1,addFood
FNDA:0,getFoods
FNDA:0,(anonymous_8)
FNDA:0,removeFood
DA:2,5
DA:3,5
DA:4,5
DA:7,1
DA:8,1
DA:9,1
DA:10,1
DA:16,2
DA:17,2
DA:19,2
DA:24,2
DA:28,1
DA:33,2
DA:34,2
DA:37,1
DA:39,1
DA:43,1
DA:45,1
DA:46,1
DA:47,1
DA:48,1
DA:50,1
DA:51,0
DA:53,1
DA:54,0
DA:57,1
DA:61,1
DA:62,1
DA:67,1
DA:68,0
DA:69,0
DA:72,1
DA:73,1
DA:74,1
DA:75,1
DA:82,1
DA:86,1
DA:87,1
DA:89,1
DA:90,1
DA:91,1
DA:93,0
DA:94,0
DA:96,0
DA:102,0
DA:103,0
DA:105,0
DA:106,0
DA:110,0
DA:111,0
DA:112,0
DA:115,5
LF:52
LH:38
BRDA:6,0,0,0
BRDA:9,1,0,0
BRDA:9,1,1,1
BRDA:15,2,0,0
BRDA:16,3,0,2
BRDA:16,3,1,0
BRDA:17,4,0,0
BRDA:17,4,1,2
BRDA:21,5,0,2
BRDA:21,5,1,2
BRDA:22,6,0,2
BRDA:22,6,1,2
BRDA:24,7,0,2
BRDA:24,7,1,0
BRDA:42,8,0,0
BRDA:45,9,0,1
BRDA:45,9,1,0
BRDA:46,10,0,1
BRDA:46,10,1,0
BRDA:47,11,0,0
BRDA:47,11,1,1
BRDA:50,12,0,0
BRDA:50,12,1,1
BRDA:51,13,0,0
BRDA:51,13,1,0
BRDA:53,14,0,0
BRDA:53,14,1,1
BRDA:54,15,0,0
BRDA:54,15,1,0
BRDA:61,16,0,0
BRDA:61,16,1,1
BRDA:65,17,0,0
BRDA:65,18,0,0
BRDA:67,19,0,0
BRDA:67,19,1,1
BRDA:69,20,0,0
BRDA:69,20,1,0
BRDA:74,21,0,0
BRDA:74,21,1,1
BRDA:86,22,0,0
BRDA:86,22,1,1
BRDA:87,23,0,0
BRDA:87,23,1,1
BRDA:91,24,0,1
BRDA:91,24,1,0
BRDA:93,25,0,0
BRDA:93,25,1,0
BRDA:103,26,0,0
BRDA:103,26,1,0
BRDA:111,27,0,0
BRDA:111,27,1,0
BRF:51
BRH:19
end_of_record
TN:
SF:app\relations\aliment_allergyModel.js
FNF:0
FNH:0
DA:1,5
DA:3,5
DA:9,5
DA:11,5
DA:12,5
LF:5
LH:5
BRF:0
BRH:0
end_of_record
TN:
SF:app\relations\friendship.model.js
FNF:0
FNH:0
DA:1,5
DA:3,5
DA:11,5
DA:13,5
DA:14,5
LF:5
LH:5
BRF:0
BRH:0
end_of_record
TN:
SF:app\relations\notation.model.js
FNF:0
FNH:0
DA:1,5
DA:3,5
DA:32,5
DA:34,5
DA:35,5
LF:5
LH:5
BRF:0
BRH:0
end_of_record
TN:
SF:app\relations\recipe_aliment.model.js
FNF:0
FNH:0
DA:1,5
DA:3,5
DA:9,5
DA:11,5
DA:12,5
LF:5
LH:5
BRF:0
BRH:0
end_of_record
TN:
SF:app\relations\session_user.model.js
FNF:0
FNH:0
DA:1,5
DA:3,5
DA:25,5
DA:27,5
DA:28,5
LF:5
LH:5
BRF:0
BRH:0
end_of_record
TN:
SF:app\relations\user_allergy.model.js
FNF:0
FNH:0
DA:1,5
DA:3,5
DA:13,5
DA:15,5
DA:16,5
LF:5
LH:5
BRF:0
BRH:0
end_of_record
TN:
SF:app\session\session.controller.js
FN:4,sendError
FN:13,(anonymous_1)
FN:23,(anonymous_2)
FN:32,(anonymous_3)
FN:41,(anonymous_4)
FN:50,(anonymous_5)
FN:59,(anonymous_6)
FN:68,(anonymous_7)
FN:77,(anonymous_8)
FN:86,(anonymous_9)
FNF:10
FNH:3
FNDA:1,sendError
FNDA:1,(anonymous_1)
FNDA:2,(anonymous_2)
FNDA:0,(anonymous_3)
FNDA:0,(anonymous_4)
FNDA:0,(anonymous_5)
FNDA:0,(anonymous_6)
FNDA:0,(anonymous_7)
FNDA:0,(anonymous_8)
FNDA:0,(anonymous_9)
DA:2,5
DA:5,1
DA:6,1
DA:7,1
DA:8,1
DA:14,1
DA:15,1
DA:16,1
DA:18,0
DA:24,2
DA:25,2
DA:26,1
DA:28,1
DA:33,0
DA:34,0
DA:35,0
DA:37,0
DA:42,0
DA:43,0
DA:44,0
DA:46,0
DA:51,0
DA:52,0
DA:53,0
DA:55,0
DA:60,0
DA:61,0
DA:62,0
DA:64,0
DA:69,0
DA:70,0
DA:71,0
DA:73,0
DA:78,0
DA:79,0
DA:80,0
DA:82,0
DA:87,0
DA:88,0
DA:89,0
DA:91,0
DA:97,5
LF:42
LH:13
BRDA:5,0,0,1
BRDA:5,0,1,0
BRDA:6,1,0,1
BRDA:6,1,1,0
BRDA:7,2,0,0
BRDA:7,2,1,1
BRF:6
BRH:3
end_of_record
TN:
SF:app\session\session.model.js
FNF:0
FNH:0
DA:1,5
DA:3,5
DA:31,5
DA:32,5
LF:4
LH:4
BRF:0
BRH:0
end_of_record
TN:
SF:app\session\session.repo.js
FN:3,create
FN:7,findAll
FN:11,findById
FN:15,findByName
FNF:4
FNH:0
FNDA:0,create
FNDA:0,findAll
FNDA:0,findById
FNDA:0,findByName
DA:1,0
DA:4,0
DA:8,0
DA:12,0
DA:16,0
DA:19,0
LF:6
LH:0
BRF:0
BRH:0
end_of_record
TN:
SF:app\session\session.routes.js
FN:7,(anonymous_0)
FN:8,(anonymous_1)
FN:11,(anonymous_2)
FN:12,(anonymous_3)
FN:13,(anonymous_4)
FN:14,(anonymous_5)
FN:16,(anonymous_6)
FN:19,(anonymous_7)
FN:20,(anonymous_8)
FNF:9
FNH:2
FNDA:1,(anonymous_0)
FNDA:2,(anonymous_1)
FNDA:0,(anonymous_2)
FNDA:0,(anonymous_3)
FNDA:0,(anonymous_4)
FNDA:0,(anonymous_5)
FNDA:0,(anonymous_6)
FNDA:0,(anonymous_7)
FNDA:0,(anonymous_8)
DA:1,5
DA:2,5
DA:4,5
DA:7,5
DA:8,5
DA:11,5
DA:12,5
DA:13,5
DA:14,5
DA:16,5
DA:19,5
DA:20,5
DA:22,5
LF:13
LH:13
BRF:0
BRH:0
end_of_record
TN:
SF:app\session\session.services.js
FN:10,httpError
FN:19,create
FN:34,list
FN:42,get
FN:55,update
FN:80,remove
FN:103,sendInvitation
FN:131,acceptInvitation
FN:151,rejectInvitation
FN:169,getInvitation
FN:183,(anonymous_10)
FN:190,listUsers
FN:199,(anonymous_12)
FN:208,addNotation
FN:215,(anonymous_14)
FN:242,listNotations
FNF:16
FNH:3
FNDA:1,httpError
FNDA:1,create
FNDA:0,list
FNDA:2,get
FNDA:0,update
FNDA:0,remove
FNDA:0,sendInvitation
FNDA:0,acceptInvitation
FNDA:0,rejectInvitation
FNDA:0,getInvitation
FNDA:0,(anonymous_10)
FNDA:0,listUsers
FNDA:0,(anonymous_12)
FNDA:0,addNotation
FNDA:0,(anonymous_14)
FNDA:0,listNotations
DA:2,5
DA:3,5
DA:5,5
DA:6,5
DA:7,5
DA:8,5
DA:11,1
DA:12,1
DA:13,1
DA:14,1
DA:20,1
DA:21,1
DA:23,1
DA:24,0
DA:27,1
DA:28,1
DA:30,1
DA:31,1
DA:36,0
DA:44,2
DA:45,2
DA:50,1
DA:52,1
DA:56,0
DA:57,0
DA:58,0
DA:59,0
DA:61,0
DA:62,0
DA:63,0
DA:64,0
DA:66,0
DA:67,0
DA:68,0
DA:71,0
DA:76,0
DA:77,0
DA:82,0
DA:83,0
DA:87,0
DA:88,0
DA:93,0
DA:94,0
DA:96,0
DA:97,0
DA:98,0
DA:105,0
DA:109,0
DA:110,0
DA:112,0
DA:114,0
DA:115,0
DA:116,0
DA:121,0
DA:127,0
DA:133,0
DA:139,0
DA:141,0
DA:142,0
DA:143,0
DA:144,0
DA:147,0
DA:152,0
DA:158,0
DA:159,0
DA:160,0
DA:161,0
DA:162,0
DA:165,0
DA:171,0
DA:172,0
DA:174,0
DA:183,0
DA:191,0
DA:192,0
DA:194,0
DA:199,0
DA:209,0
DA:210,0
DA:214,0
DA:215,0
DA:216,0
DA:217,0
DA:219,0
DA:220,0
DA:223,0
DA:226,0
DA:232,0
DA:234,0
DA:236,0
DA:238,0
DA:244,0
DA:249,0
DA:252,5
LF:94
LH:22
BRDA:10,0,0,0
BRDA:13,1,0,0
BRDA:13,1,1,1
BRDA:19,2,0,0
BRDA:23,3,0,0
BRDA:23,3,1,1
BRDA:23,4,0,1
BRDA:23,4,1,1
BRDA:28,5,0,0
BRDA:28,5,1,1
BRDA:31,6,0,1
BRDA:31,6,1,0
BRDA:55,7,0,0
BRDA:57,8,0,0
BRDA:57,8,1,0
BRDA:58,9,0,0
BRDA:58,9,1,0
BRDA:59,10,0,0
BRDA:59,10,1,0
BRDA:61,11,0,0
BRDA:61,11,1,0
BRDA:63,12,0,0
BRDA:63,12,1,0
BRDA:63,13,0,0
BRDA:63,13,1,0
BRDA:67,14,0,0
BRDA:67,14,1,0
BRDA:76,15,0,0
BRDA:76,15,1,0
BRDA:80,16,0,0
BRDA:80,17,0,0
BRDA:82,18,0,0
BRDA:82,18,1,0
BRDA:87,19,0,0
BRDA:87,19,1,0
BRDA:87,20,0,0
BRDA:87,20,1,0
BRDA:97,21,0,0
BRDA:97,21,1,0
BRDA:109,22,0,0
BRDA:109,22,1,0
BRDA:110,23,0,0
BRDA:110,23,1,0
BRDA:114,24,0,0
BRDA:114,24,1,0
BRDA:115,25,0,0
BRDA:115,25,1,0
BRDA:116,26,0,0
BRDA:116,26,1,0
BRDA:139,27,0,0
BRDA:139,27,1,0
BRDA:142,28,0,0
BRDA:142,28,1,0
BRDA:143,29,0,0
BRDA:143,29,1,0
BRDA:158,30,0,0
BRDA:158,30,1,0
BRDA:160,31,0,0
BRDA:160,31,1,0
BRDA:161,32,0,0
BRDA:161,32,1,0
BRDA:172,33,0,0
BRDA:172,33,1,0
BRDA:192,34,0,0
BRDA:192,34,1,0
BRDA:202,35,0,0
BRDA:202,35,1,0
BRDA:209,36,0,0
BRDA:209,36,1,0
BRDA:209,37,0,0
BRDA:209,37,1,0
BRDA:216,38,0,0
BRDA:216,38,1,0
BRDA:216,39,0,0
BRDA:216,39,1,0
BRDA:219,40,0,0
BRDA:219,40,1,0
BRDA:232,41,0,0
BRDA:232,41,1,0
BRDA:234,42,0,0
BRDA:234,42,1,0
BRF:81
BRH:6
end_of_record
TN:
SF:app\user\user.controller.js
FN:4,sendError
FN:12,(anonymous_1)
FN:22,(anonymous_2)
FN:32,(anonymous_3)
FN:42,(anonymous_4)
FN:52,(anonymous_5)
FN:65,(anonymous_6)
FN:69,(anonymous_7)
FN:82,(anonymous_8)
FN:96,(anonymous_9)
FN:110,(anonymous_10)
FN:124,(anonymous_11)
FN:134,(anonymous_12)
FN:144,(anonymous_13)
FN:154,(anonymous_14)
FN:168,(anonymous_15)
FN:179,(anonymous_16)
FN:189,(anonymous_17)
FN:200,(anonymous_18)
FNF:19
FNH:2
FNDA:3,sendError
FNDA:6,(anonymous_1)
FNDA:0,(anonymous_2)
FNDA:0,(anonymous_3)
FNDA:0,(anonymous_4)
FNDA:0,(anonymous_5)
FNDA:0,(anonymous_6)
FNDA:0,(anonymous_7)
FNDA:0,(anonymous_8)
FNDA:0,(anonymous_9)
FNDA:0,(anonymous_10)
FNDA:0,(anonymous_11)
FNDA:0,(anonymous_12)
FNDA:0,(anonymous_13)
FNDA:0,(anonymous_14)
FNDA:0,(anonymous_15)
FNDA:0,(anonymous_16)
FNDA:0,(anonymous_17)
FNDA:0,(anonymous_18)
DA:2,5
DA:5,3
DA:6,3
DA:7,3
DA:8,3
DA:13,6
DA:14,6
DA:15,3
DA:17,3
DA:23,0
DA:24,0
DA:25,0
DA:27,0
DA:33,0
DA:34,0
DA:35,0
DA:37,0
DA:43,0
DA:44,0
DA:45,0
DA:47,0
DA:53,0
DA:55,0
DA:57,0
DA:58,0
DA:60,0
DA:66,0
DA:70,0
DA:71,0
DA:72,0
DA:73,0
DA:75,0
DA:76,0
DA:78,0
DA:83,0
DA:84,0
DA:85,0
DA:86,0
DA:87,0
DA:89,0
DA:90,0
DA:92,0
DA:97,0
DA:98,0
DA:99,0
DA:100,0
DA:101,0
DA:103,0
DA:104,0
DA:106,0
DA:111,0
DA:112,0
DA:113,0
DA:114,0
DA:115,0
DA:117,0
DA:118,0
DA:120,0
DA:125,0
DA:126,0
DA:127,0
DA:128,0
DA:130,0
DA:135,0
DA:136,0
DA:137,0
DA:138,0
DA:140,0
DA:145,0
DA:146,0
DA:147,0
DA:148,0
DA:150,0
DA:155,0
DA:156,0
DA:157,0
DA:158,0
DA:159,0
DA:161,0
DA:162,0
DA:164,0
DA:169,0
DA:170,0
DA:171,0
DA:172,0
DA:173,0
DA:175,0
DA:180,0
DA:181,0
DA:182,0
DA:183,0
DA:185,0
DA:190,0
DA:191,0
DA:192,0
DA:193,0
DA:194,0
DA:196,0
DA:201,0
DA:202,0
DA:203,0
DA:204,0
DA:206,0
DA:212,5
LF:104
LH:10
BRDA:5,0,0,3
BRDA:5,0,1,0
BRDA:6,1,0,3
BRDA:6,1,1,0
BRDA:7,2,0,0
BRDA:7,2,1,3
BRDA:55,3,0,0
BRDA:55,3,1,0
BRDA:72,4,0,0
BRDA:72,4,1,0
BRDA:72,5,0,0
BRDA:72,5,1,0
BRDA:86,6,0,0
BRDA:86,6,1,0
BRDA:100,7,0,0
BRDA:100,7,1,0
BRDA:114,8,0,0
BRDA:114,8,1,0
BRDA:158,9,0,0
BRDA:158,9,1,0
BRF:20
BRH:3
end_of_record
TN:
SF:app\user\user.model.js
FNF:0
FNH:0
DA:1,5
DA:3,5
DA:9,5
DA:14,5
DA:15,5
LF:5
LH:5
BRF:0
BRH:0
end_of_record
TN:
SF:app\user\user.repo.js
FN:3,create
FN:7,findAll
FN:11,findById
FN:15,findByName
FNF:4
FNH:0
FNDA:0,create
FNDA:0,findAll
FNDA:0,findById
FNDA:0,findByName
DA:1,0
DA:4,0
DA:8,0
DA:12,0
DA:16,0
DA:19,0
LF:6
LH:0
BRF:0
BRH:0
end_of_record
TN:
SF:app\user\user.routes.js
FN:6,(anonymous_0)
FN:7,(anonymous_1)
FN:8,(anonymous_2)
FN:9,(anonymous_3)
FN:10,(anonymous_4)
FN:12,(anonymous_5)
FN:15,(anonymous_6)
FN:18,(anonymous_7)
FN:19,(anonymous_8)
FN:20,(anonymous_9)
FN:21,(anonymous_10)
FN:22,(anonymous_11)
FN:23,(anonymous_12)
FN:26,(anonymous_13)
FN:27,(anonymous_14)
FN:28,(anonymous_15)
FNF:16
FNH:1
FNDA:6,(anonymous_0)
FNDA:0,(anonymous_1)
FNDA:0,(anonymous_2)
FNDA:0,(anonymous_3)
FNDA:0,(anonymous_4)
FNDA:0,(anonymous_5)
FNDA:0,(anonymous_6)
FNDA:0,(anonymous_7)
FNDA:0,(anonymous_8)
FNDA:0,(anonymous_9)
FNDA:0,(anonymous_10)
FNDA:0,(anonymous_11)
FNDA:0,(anonymous_12)
FNDA:0,(anonymous_13)
FNDA:0,(anonymous_14)
FNDA:0,(anonymous_15)
DA:1,5
DA:2,5
DA:4,5
DA:6,6
DA:7,5
DA:8,5
DA:9,5
DA:10,5
DA:12,5
DA:15,5
DA:18,5
DA:19,5
DA:20,5
DA:21,5
DA:22,5
DA:23,5
DA:26,5
DA:27,5
DA:28,5
DA:31,5
DA:33,5
LF:21
LH:21
BRF:0
BRH:0
end_of_record
TN:
SF:app\user\user.services.js
FN:12,httpError
FN:18,(anonymous_1)
FN:19,(anonymous_2)
FN:23,create
FN:41,list
FN:45,get
FN:56,update
FN:84,remove
FN:100,login
FN:115,addFriendRequest
FN:142,acceptFriendRequest
FN:156,rejectFriendRequest
FN:170,getFriendRequest
FN:174,getFriendsList
FN:179,getFriends
FN:191,(anonymous_15)
FN:194,removeFriend
FN:207,addAllergie
FN:224,getAllergie
FN:229,(anonymous_19)
FN:232,deleteAllergie
FN:240,getParties
FN:245,(anonymous_22)
FNF:23
FNH:3
FNDA:3,httpError
FNDA:12,(anonymous_1)
FNDA:0,(anonymous_2)
FNDA:6,create
FNDA:0,list
FNDA:0,get
FNDA:0,update
FNDA:0,remove
FNDA:0,login
FNDA:0,addFriendRequest
FNDA:0,acceptFriendRequest
FNDA:0,rejectFriendRequest
FNDA:0,getFriendRequest
FNDA:0,getFriendsList
FNDA:0,getFriends
FNDA:0,(anonymous_15)
FNDA:0,removeFriend
FNDA:0,addAllergie
FNDA:0,getAllergie
FNDA:0,(anonymous_19)
FNDA:0,deleteAllergie
FNDA:0,getParties
FNDA:0,(anonymous_22)
DA:2,5
DA:3,5
DA:5,5
DA:6,5
DA:7,5
DA:8,5
DA:9,5
DA:13,3
DA:14,3
DA:15,3
DA:16,3
DA:18,12
DA:19,5
DA:24,6
DA:25,6
DA:26,6
DA:28,6
DA:29,5
DA:30,4
DA:32,3
DA:33,3
DA:34,3
DA:36,0
DA:37,0
DA:42,0
DA:47,0
DA:48,0
DA:51,0
DA:53,0
DA:57,0
DA:58,0
DA:59,0
DA:60,0
DA:61,0
DA:63,0
DA:64,0
DA:65,0
DA:66,0
DA:68,0
DA:69,0
DA:70,0
DA:71,0
DA:74,0
DA:75,0
DA:76,0
DA:77,0
DA:79,0
DA:80,0
DA:85,0
DA:86,0
DA:95,0
DA:101,0
DA:102,0
DA:103,0
DA:105,0
DA:106,0
DA:107,0
DA:110,0
DA:116,0
DA:117,0
DA:119,0
DA:123,0
DA:126,0
DA:128,0
DA:129,0
DA:135,0
DA:137,0
DA:138,0
DA:143,0
DA:144,0
DA:146,0
DA:151,0
DA:153,0
DA:157,0
DA:158,0
DA:160,0
DA:165,0
DA:167,0
DA:175,0
DA:176,0
DA:180,0
DA:181,0
DA:183,0
DA:191,0
DA:195,0
DA:201,0
DA:202,0
DA:208,0
DA:212,0
DA:213,0
DA:215,0
DA:216,0
DA:217,0
DA:219,0
DA:220,0
DA:225,0
DA:226,0
DA:228,0
DA:229,0
DA:233,0
DA:234,0
DA:235,0
DA:241,0
DA:242,0
DA:244,0
DA:245,0
DA:249,5
LF:107
LH:23
BRDA:12,0,0,0
BRDA:15,1,0,0
BRDA:15,1,1,3
BRDA:18,2,0,2
BRDA:18,2,1,10
BRDA:18,3,0,12
BRDA:18,3,1,10
BRDA:23,4,0,0
BRDA:26,5,0,6
BRDA:26,5,1,1
BRDA:28,6,0,1
BRDA:28,6,1,5
BRDA:29,7,0,1
BRDA:29,7,1,4
BRDA:30,8,0,1
BRDA:30,8,1,3
BRDA:34,9,0,3
BRDA:34,9,1,0
BRDA:36,10,0,0
BRDA:36,10,1,0
BRDA:56,11,0,0
BRDA:58,12,0,0
BRDA:58,12,1,0
BRDA:60,13,0,0
BRDA:60,13,1,0
BRDA:63,14,0,0
BRDA:63,14,1,0
BRDA:65,15,0,0
BRDA:65,15,1,0
BRDA:68,16,0,0
BRDA:68,16,1,0
BRDA:69,17,0,0
BRDA:69,17,1,0
BRDA:70,18,0,0
BRDA:70,18,1,0
BRDA:76,19,0,0
BRDA:76,19,1,0
BRDA:79,20,0,0
BRDA:79,20,1,0
BRDA:86,21,0,0
BRDA:86,21,1,0
BRDA:102,22,0,0
BRDA:102,22,1,0
BRDA:103,23,0,0
BRDA:103,23,1,0
BRDA:103,24,0,0
BRDA:103,24,1,0
BRDA:106,25,0,0
BRDA:106,25,1,0
BRDA:107,26,0,0
BRDA:107,26,1,0
BRDA:116,27,0,0
BRDA:116,27,1,0
BRDA:116,28,0,0
BRDA:116,28,1,0
BRDA:117,29,0,0
BRDA:117,29,1,0
BRDA:123,30,0,0
BRDA:123,30,1,0
BRDA:123,31,0,0
BRDA:123,31,1,0
BRDA:135,32,0,0
BRDA:135,32,1,0
BRDA:137,33,0,0
BRDA:137,33,1,0
BRDA:143,34,0,0
BRDA:143,34,1,0
BRDA:143,35,0,0
BRDA:143,35,1,0
BRDA:144,36,0,0
BRDA:144,36,1,0
BRDA:151,37,0,0
BRDA:151,37,1,0
BRDA:157,38,0,0
BRDA:157,38,1,0
BRDA:157,39,0,0
BRDA:157,39,1,0
BRDA:158,40,0,0
BRDA:158,40,1,0
BRDA:165,41,0,0
BRDA:165,41,1,0
BRDA:175,42,0,0
BRDA:175,42,1,0
BRDA:176,43,0,0
BRDA:176,43,1,0
BRDA:181,44,0,0
BRDA:181,44,1,0
BRDA:191,45,0,0
BRDA:191,45,1,0
BRDA:201,46,0,0
BRDA:201,46,1,0
BRDA:212,47,0,0
BRDA:212,47,1,0
BRDA:213,48,0,0
BRDA:213,48,1,0
BRDA:217,49,0,0
BRDA:217,49,1,0
BRDA:219,50,0,0
BRDA:219,50,1,0
BRDA:226,51,0,0
BRDA:226,51,1,0
BRDA:234,52,0,0
BRDA:234,52,1,0
BRDA:242,53,0,0
BRDA:242,53,1,0
BRF:105
BRH:14
end_of_record
